\BOOKMARK [1][-]{section.1}{\376\377\004\020\004\075\004\060\004\073\004\070\004\067\000\040\004\077\004\100\004\065\004\064\004\074\004\065\004\102\004\075\004\076\004\071\000\040\004\076\004\061\004\073\004\060\004\101\004\102\004\070}{}% 1
\BOOKMARK [2][-]{subsection.1.1}{\376\377\004\030\004\101\004\102\004\076\004\100\004\070\004\117\000\040\004\070\000\040\004\076\004\077\004\070\004\101\004\060\004\075\004\070\004\065\000\040\000P\000o\000i\000n\000t\000-\000a\000n\000d\000-\000c\000l\000i\000c\000k\000\040\004\070\004\063\004\100}{section.1}% 2
\BOOKMARK [2][-]{subsection.1.2}{\376\377\004\030\004\101\004\102\004\076\004\100\004\070\004\117\000\040\004\070\000\040\004\076\004\077\004\070\004\101\004\060\004\075\004\070\004\065\000\040\004\037\004\100\004\070\004\072\004\073\004\116\004\107\004\065\004\075\004\107\004\065\004\101\004\072\004\070\004\105\000\040\004\070\004\063\004\100}{section.1}% 3
\BOOKMARK [2][-]{subsection.1.3}{\376\377\004\027\004\076\004\073\004\076\004\102\004\076\004\071\000\040\004\062\004\065\004\072\000\040\004\070\000\040\004\103\004\077\004\060\004\064\004\076\004\072\000\040\004\072\004\062\004\065\004\101\004\102\004\076\004\062}{section.1}% 4
\BOOKMARK [1][-]{section.2}{\376\377\004\042\004\065\004\105\004\075\004\070\004\107\004\065\004\101\004\072\004\076\004\065\000\040\004\067\004\060\004\064\004\060\004\075\004\070\004\065}{}% 5
\BOOKMARK [2][-]{subsection.2.1}{\376\377\004\036\004\101\004\075\004\076\004\062\004\060\004\075\004\070\004\065\000\040\004\064\004\073\004\117\000\040\004\100\004\060\004\067\004\100\004\060\004\061\004\076\004\102\004\072\004\070}{section.2}% 6
\BOOKMARK [2][-]{subsection.2.2}{\376\377\004\046\004\065\004\073\004\114\000\040\004\070\000\040\004\075\004\060\004\067\004\075\004\060\004\107\004\065\004\075\004\070\004\065\000\040\004\100\004\060\004\067\004\100\004\060\004\061\004\076\004\102\004\072\004\070}{section.2}% 7
\BOOKMARK [2][-]{subsection.2.3}{\376\377\004\042\004\100\004\065\004\061\004\076\004\062\004\060\004\075\004\070\004\117\000\040\004\077\004\076\004\073\004\114\004\067\004\076\004\062\004\060\004\102\004\065\004\073\004\117\000\040\004\072\000\040\004\064\004\062\004\070\004\066\004\072\004\103}{section.2}% 8
\BOOKMARK [2][-]{subsection.2.4}{\376\377\004\037\004\100\004\060\004\062\004\070\004\073\004\060\000\040\004\070\004\063\004\100\004\113}{section.2}% 9
\BOOKMARK [2][-]{subsection.2.5}{\376\377\004\041\004\116\004\066\004\065\004\102\000\040\004\070\004\063\004\100\004\113}{section.2}% 10
\BOOKMARK [2][-]{subsection.2.6}{\376\377\004\055\004\077\004\070\004\067\004\076\004\064\000\040\0001\000:\000\040\004\033\004\065\004\101}{section.2}% 11
\BOOKMARK [2][-]{subsection.2.7}{\376\377\004\030\004\075\004\102\004\065\004\100\004\104\004\065\004\071\004\101\000\040\004\077\004\076\004\073\004\114\004\067\004\076\004\062\004\060\004\102\004\065\004\073\004\117}{section.2}% 12
\BOOKMARK [2][-]{subsection.2.8}{\376\377\004\042\004\100\004\065\004\061\004\076\004\062\004\060\004\075\004\070\004\117\000\040\004\072\000\040\004\076\004\104\004\076\004\100\004\074\004\073\004\065\004\075\004\070\004\116\000\040\004\064\004\076\004\072\004\103\004\074\004\065\004\075\004\102\004\060\004\106\004\070\004\070}{section.2}% 13
\BOOKMARK [1][-]{section.3}{\376\377\004\042\004\065\004\105\004\075\004\070\004\107\004\065\004\101\004\072\004\070\004\071\000\040\004\077\004\100\004\076\004\065\004\072\004\102}{}% 14
\BOOKMARK [2][-]{subsection.3.1}{\376\377\004\036\004\061\004\111\004\060\004\117\000\040\004\105\004\060\004\100\004\060\004\072\004\102\004\065\004\100\004\070\004\101\004\102\004\070\004\072\004\060\000\040\004\076\004\100\004\063\004\060\004\075\004\070\004\067\004\060\004\106\004\070\004\070\000\040\004\100\004\065\004\110\004\065\004\075\004\070\004\117\000\040\004\067\004\060\004\064\004\060\004\107\004\070}{section.3}% 15
\BOOKMARK [2][-]{subsection.3.2}{\376\377\004\036\004\061\004\076\004\101\004\075\004\076\004\062\004\060\004\075\004\070\004\065\000\040\004\062\004\113\004\061\004\076\004\100\004\060\000\040\004\102\004\065\004\105\004\075\004\076\004\073\004\076\004\063\004\070\004\070\000\040\004\077\004\100\004\076\004\065\004\072\004\102\004\070\004\100\004\076\004\062\004\060\004\075\004\070\004\117}{section.3}% 16
\BOOKMARK [3][-]{subsubsection.3.2.1}{\376\377\004\036\004\077\004\070\004\101\004\060\004\075\004\070\004\065\000\040\004\070\004\101\004\077\004\076\004\073\004\114\004\067\004\103\004\065\004\074\004\113\004\105\000\040\004\102\004\065\004\105\004\075\004\076\004\073\004\076\004\063\004\070\004\071\000\040\004\070\000\040\004\117\004\067\004\113\004\072\004\076\004\062\000\040\004\077\004\100\004\076\004\063\004\100\004\060\004\074\004\074\004\070\004\100\004\076\004\062\004\060\004\075\004\070\004\117}{subsection.3.2}% 17
\BOOKMARK [3][-]{subsubsection.3.2.2}{\376\377\004\057\004\067\004\113\004\072\000\040\004\077\004\100\004\076\004\063\004\100\004\060\004\074\004\074\004\070\004\100\004\076\004\062\004\060\004\075\004\070\004\117\000\040\000C\000\043}{subsection.3.2}% 18
\BOOKMARK [4][-]{paragraph.3.2.2.1}{\376\377\004\040\004\076\004\073\004\114\000\040\004\077\004\073\004\060\004\102\004\104\004\076\004\100\004\074\004\113\000\040\000.\000N\000E\000T}{subsubsection.3.2.2}% 19
\BOOKMARK [4][-]{paragraph.3.2.2.2}{\376\377\004\037\004\100\004\065\004\070\004\074\004\103\004\111\004\065\004\101\004\102\004\062\004\060\000\040\004\070\004\101\004\077\004\076\004\073\004\114\004\067\004\076\004\062\004\060\004\075\004\070\004\117\000\040\004\070\000\040\004\070\004\067\004\103\004\107\004\065\004\075\004\070\004\117\000\040\000C\000\043}{subsubsection.3.2.2}% 20
\BOOKMARK [4][-]{paragraph.3.2.2.3}{\376\377\004\036\004\077\004\070\004\101\004\060\004\075\004\070\004\065\000\040\004\064\004\062\004\070\004\066\004\072\004\060}{subsubsection.3.2.2}% 21
\BOOKMARK [2][-]{subsection.3.3}{\376\377\004\024\004\070\004\060\004\063\004\100\004\060\004\074\004\074\004\060\000\040\004\072\004\076\004\074\004\077\004\076\004\075\004\065\004\075\004\102\004\076\004\062\000\040\004\072\004\073\004\060\004\101\004\101\004\076\004\062}{section.3}% 22
\BOOKMARK [2][-]{subsection.3.4}{\376\377\004\036\004\077\004\070\004\101\004\060\004\075\004\070\004\065\000\040\004\072\004\073\004\060\004\101\004\101\004\076\004\062}{section.3}% 23
\BOOKMARK [1][-]{subsection.3.4}{\376\377\004\041\004\037\004\030\004\041\004\036\004\032\000\040\004\030\004\041\004\037\004\036\004\033\004\054\004\027\004\036\004\022\004\020\004\035\004\035\004\053\004\045\000\040\004\030\004\041\004\042\004\036\004\047\004\035\004\030\004\032\004\036\004\022}{}% 24
